\BOOKMARK [1][-]{section*.2}{\376\377\000N\000o\000m\000e\000n\000c\000l\000a\000t\000u\000r\000e}{}% 1
\BOOKMARK [1][-]{section.1}{\376\377\000M\000i\000n\000i\000m\000i\000z\000a\000t\000i\000o\000n\000\040\000P\000r\000o\000c\000e\000d\000u\000r\000e\000s}{}% 2
\BOOKMARK [2][-]{subsection.1.1}{\376\377\000C\000o\000n\000s\000t\000r\000a\000i\000n\000t\000s\000\040\000f\000o\000r\000\040\000B\000o\000t\000h\000\040\000P\000r\000o\000c\000e\000d\000u\000r\000e\000s}{section.1}% 3
\BOOKMARK [2][-]{subsection.1.2}{\376\377\000T\000h\000e\000\040\000L\000a\000g\000r\000a\000n\000g\000i\000a\000n}{section.1}% 4
\BOOKMARK [2][-]{subsection.1.3}{\376\377\000N\000e\000w\000t\000o\000n\000-\000R\000a\000p\000h\000s\000o\000n\000\040\000I\000t\000e\000r\000a\000t\000i\000v\000e\000\040\000M\000e\000t\000h\000o\000d}{section.1}% 5
\BOOKMARK [2][-]{subsection.1.4}{\376\377\000G\000i\000b\000b\000s\000\040\000M\000i\000n\000i\000m\000i\000z\000a\000t\000i\000o\000n}{section.1}% 6
\BOOKMARK [3][-]{subsubsection.1.4.1}{\376\377\000C\000o\000n\000s\000t\000r\000a\000i\000n\000t\000s}{subsection.1.4}% 7
\BOOKMARK [3][-]{subsubsection.1.4.2}{\376\377\000D\000e\000r\000i\000v\000a\000t\000i\000v\000e\000s}{subsection.1.4}% 8
\BOOKMARK [3][-]{subsubsection.1.4.3}{\376\377\000D\000e\000r\000i\000v\000a\000t\000i\000v\000e\000s\000\040\000o\000f\000\040\000f\0001}{subsection.1.4}% 9
\BOOKMARK [3][-]{subsubsection.1.4.4}{\376\377\000D\000e\000r\000i\000v\000a\000t\000i\000v\000e\000s\000\040\000o\000f\000\040\000f\0002}{subsection.1.4}% 10
\BOOKMARK [3][-]{subsubsection.1.4.5}{\376\377\000D\000e\000r\000i\000v\000a\000t\000i\000v\000e\000s\000\040\000o\000f\000\040\000f\0003}{subsection.1.4}% 11
\BOOKMARK [3][-]{subsubsection.1.4.6}{\376\377\000D\000e\000r\000i\000v\000a\000t\000i\000v\000e\000s\000\040\000o\000f\000\040\000f\0004}{subsection.1.4}% 12
\BOOKMARK [3][-]{subsubsection.1.4.7}{\376\377\000D\000e\000r\000i\000v\000a\000t\000i\000v\000e\000s\000\040\000o\000f\000\040\000f\0005}{subsection.1.4}% 13
\BOOKMARK [2][-]{subsection.1.5}{\376\377\000H\000e\000l\000m\000h\000o\000l\000t\000z\000\040\000M\000i\000n\000i\000m\000i\000z\000a\000t\000i\000o\000n}{section.1}% 14
\BOOKMARK [3][-]{subsubsection.1.5.1}{\376\377\000R\000e\000d\000u\000c\000e\000d\000\040\000H\000e\000l\000m\000h\000o\000l\000t\000z\000\040\000E\000q\000u\000a\000t\000i\000o\000n\000s}{subsection.1.5}% 15
\BOOKMARK [2][-]{subsection.1.6}{\376\377\000U\000s\000e\000f\000u\000l\000\040\000R\000e\000l\000a\000t\000i\000o\000n\000s\000h\000i\000p\000s}{section.1}% 16
\BOOKMARK [1][-]{section.2}{\376\377\000S\000t\000a\000n\000d\000a\000r\000d\000\040\000S\000t\000a\000t\000e\000\040\000C\000h\000e\000m\000i\000c\000a\000l\000\040\000P\000o\000t\000e\000n\000t\000i\000a\000l\000\040\000D\000e\000r\000i\000v\000a\000t\000i\000v\000e\000s}{}% 17
\BOOKMARK [2][-]{subsection.2.1}{\376\377\000G\000i\000b\000b\000s\000\040\000D\000e\000r\000i\000v\000a\000t\000i\000v\000e}{section.2}% 18
\BOOKMARK [2][-]{subsection.2.2}{\376\377\000H\000e\000l\000m\000h\000o\000l\000t\000z\000\040\000D\000e\000r\000i\000v\000a\000t\000i\000v\000e}{section.2}% 19
\BOOKMARK [1][-]{section.3}{\376\377\000C\000o\000d\000i\000n\000g\000\040\000T\000r\000i\000c\000k\000s}{}% 20
